    1 00:0000 -  -  -  -  #include "includes/ti84pce.inc"
Listing for file "C:\Users\phizz\Programs\TI84PCE\Assembly\ASM\Project\includes\ti84pce.inc"
    1 00:0000 -  -  -  -  ;TI-84 Plus CE Include File
    2 00:0000 -  -  -  -  
    3 00:0000 -  -  -  -  ;Various Parts Contributed by
    4 00:0000 -  -  -  -  ;- BrandonW
    5 00:0000 -  -  -  -  ;- calc84
    6 00:0000 -  -  -  -  ;- MateoConLechuga
    7 00:0000 -  -  -  -  ;- Runer112
    8 00:0000 -  -  -  -  ;- tr1p1ea
    9 00:0000 -  -  -  -  ;- Kerm Martian
   10 00:0000 -  -  -  -  ;- Texas Instruments (ti83plus.inc)
Listing for file "src\add.asm"
    2 00:0000 -  -  -  -   .assume ADL=1
    3 00:0000 -  -  -  -   .org userMem-2
    4 D1:A87F EF 7B -  -   .db tExtTok,tAsm84CeCmp
    5 D1:A881 CD 28 08 02  call _homeup
    6 D1:A885 CD 10 08 02  call _ClrScrnFull
    7 D1:A889 -  -  -  -  
    8 D1:A889 C3 8D A8 D1  jp start
    9 D1:A88D -  -  -  -  start:
   10 D1:A88D 3E 00 -  -  	ld a,0
   11 D1:A88F 8F -  -  -  	adc a,a ;reset carry flag
   12 D1:A890 3A BD A8 D1 	ld a,(in)
   13 D1:A894 47 -  -  -  	ld b,a
   14 D1:A895 3A BE A8 D1 	ld a,(in+1)
   15 D1:A899 88 -  -  -  	adc a,b
   16 D1:A89A 32 BF A8 D1 	ld (out),a
   17 D1:A89E 30 08 -  -  	jr NC,$+10
   18 D1:A8A0 21 CA A8 D1 	ld hl,message
   19 D1:A8A4 CD C0 07 02 	call _PutS
   20 D1:A8A8 21 BF A8 D1 	ld hl,out
   21 D1:A8AC CD C0 07 02 	call _PutS
   22 D1:A8B0 CD 8C 0D 02 	call _GetKey
   23 D1:A8B4 CD 10 08 02 	call _ClrScrnFull
   24 D1:A8B8 FD CB 00 AE 	res donePrgm,(iy+doneFlags)
   25 D1:A8BC C9 -  -  -  	ret
   26 D1:A8BD -  -  -  -  in:
   27 D1:A8BD 00 48 -  -  	.db $00,$48
   28 D1:A8BF -  -  -  -  out:
   29 D1:A8BF 00 65 6C 6C 
              6F 57 6F 72 
              6C 64 00 -  	.db $00,"elloWorld",0
   30 D1:A8CA -  -  -  -  message:
   31 D1:A8CA 63 61 72 72 
              69 65 64 00 	.db "carried",0
   32 D1:A8D2 -  -  -  -  error:
   33 D1:A8D2 45 52 52 4F 
              52 00 -  -  	.db "ERROR",0
