    1 00:0000 -  -  -  -  #include "../includes/ti84pce.inc"
Listing for file "Project\..\includes\ti84pce.inc"
    1 00:0000 -  -  -  -  ;TI-84 Plus CE Include File
    2 00:0000 -  -  -  -  
    3 00:0000 -  -  -  -  ;Various Parts Contributed by
    4 00:0000 -  -  -  -  ;- BrandonW
    5 00:0000 -  -  -  -  ;- calc84
    6 00:0000 -  -  -  -  ;- MateoConLechuga
    7 00:0000 -  -  -  -  ;- Runer112
    8 00:0000 -  -  -  -  ;- tr1p1ea
    9 00:0000 -  -  -  -  ;- Kerm Martian
   10 00:0000 -  -  -  -  ;- Texas Instruments (ti83plus.inc)
Listing for file "src\disp.asm"
    2 00:0000 -  -  -  -   .assume ADL=1
    3 00:0000 -  -  -  -   .org userMem-2
    4 D1:A87F EF 7B -  -   .db tExtTok,tAsm84CeCmp
    5 D1:A881 CD 28 08 02  call _homeup
    6 D1:A885 CD 10 08 02  call _ClrScrnFull
    7 D1:A889 C3 8D A8 D1  jp start
    8 D1:A88D -  -  -  -  start:
    9 D1:A88D 11 00 00 D4 	ld de,vRam
   10 D1:A891 21 DA A8 D1 	ld hl,imageData ;need to scale by 4x4
   11 D1:A895 -  -  -  -  
   12 D1:A895 -  -  -  -  	;repeat 60x to load all rows
   13 D1:A895 06 3C -  -  	ld b,60
   14 D1:A897 -  -  -  -  loop1:
   15 D1:A897 C5 -  -  -  	push bc
   16 D1:A898 -  -  -  -  
   17 D1:A898 E5 -  -  -  	push hl ;pixel data
   18 D1:A899 D5 -  -  -  	push de ;first pixel of the row
   19 D1:A89A -  -  -  -  
   20 D1:A89A -  -  -  -  	;repeat 80x to load entire row
   21 D1:A89A 06 50 -  -  	ld b,80
   22 D1:A89C -  -  -  -  loop2:
   23 D1:A89C C5 -  -  -  	push bc
   24 D1:A89D -  -  -  -  
   25 D1:A89D E5 -  -  -  	push hl ;pixel data
   26 D1:A89E D5 -  -  -  	push de ;first of four pixel
   27 D1:A89F -  -  -  -  
   28 D1:A89F -  -  -  -  	;load first pixel
   29 D1:A89F 01 02 00 00 	ld bc,2*1
   30 D1:A8A3 ED B0 -  -  	ldir
   31 D1:A8A5 -  -  -  -  
   32 D1:A8A5 -  -  -  -  	;load pixel 3x more
   33 D1:A8A5 E1 -  -  -  	pop hl ;go to first of the four pixels
   34 D1:A8A6 01 06 00 00 	ld bc,2*3
   35 D1:A8AA ED B0 -  -  	ldir
   36 D1:A8AC -  -  -  -  
   37 D1:A8AC -  -  -  -  	;increment to next pixel in data
   38 D1:A8AC E1 -  -  -  	pop hl ;go back to pixel data
   39 D1:A8AD 01 02 00 00 	ld bc,2*1
   40 D1:A8B1 09 -  -  -  	add hl,bc
   41 D1:A8B2 -  -  -  -  
   42 D1:A8B2 C1 -  -  -  	pop bc
   43 D1:A8B3 10 E7 -  -  	djnz loop2
   44 D1:A8B5 -  -  -  -  
   45 D1:A8B5 -  -  -  -  	;load row 3x more
   46 D1:A8B5 E1 -  -  -  	pop hl ;go to first pixel of the row
   47 D1:A8B6 01 80 07 00 	ld bc,640*3
   48 D1:A8BA ED B0 -  -  	ldir
   49 D1:A8BC -  -  -  -  
   50 D1:A8BC -  -  -  -  	;increment to next row in data
   51 D1:A8BC E1 -  -  -  	pop hl ;go back to pixel data
   52 D1:A8BD 01 A0 00 00 	ld bc,2*80
   53 D1:A8C1 09 -  -  -  	add hl,bc
   54 D1:A8C2 -  -  -  -  
   55 D1:A8C2 C1 -  -  -  	pop bc
   56 D1:A8C3 10 D2 -  -  	djnz loop1
   57 D1:A8C5 -  -  -  -  
   58 D1:A8C5 -  -  -  -  
   59 D1:A8C5 CD 8C 0D 02 	call _GetKey
   60 D1:A8C9 CD 10 08 02 	call _ClrScrnFull
   61 D1:A8CD FD CB 00 AE 	res donePrgm,(iy+doneFlags)
   62 D1:A8D1 C9 -  -  -  	ret
   63 D1:A8D2 -  -  -  -  
   64 D1:A8D2 -  -  -  -  test:
   65 D1:A8D2 74 65 73 74 
              69 6E 67 00 	.db "testing",0
   66 D1:A8DA -  -  -  -  imageData:
   67 D1:A8DA 00 00 00 00 
              00 00 00 00 
              00 00 00 00 
              00 00 00 00 
              00 00 00 00 
              00 00 00 00 
              00 00 00 00 
              00 00 00 00 
              00 00 00 00 
              00 00 00 00 
              00 00 00 00 
              00 00 00 00 
              00 00 00 00 
              00 00 00 00 
              00 00 00 00 
              00 00 00 00 
              00 00 00 00 
              00 00 00 00 
              00 00 00 00 
              00 00 00 00 
              00 00 00 00 
              00 00 00 00 
              00 00 00 00 
              00 00 00 00 
              00 00 00 00 
              00 00 00 00 
              00 00 00 00 
              00 00 00 00 
              00 00 00 00 
              00 00 00 00 
              00 00 00 00 
              00 00 00 00 
              00 00 00 00 
              00 00 00 00 
              00 00 00 00 
              00 00 00 00 
              00 00 00 00 
              00 00 00 00 
              00 00 00 00 
              00 00 00 00 
              00 00 00 00 
              00 00 00 00 
              00 00 00 00 
              00 00 00 00 
              00 00 00 00 
              00 00 00 00 
              00 00 00 00 
              00 00 00 00 
              00 00 00 00 
              00 00 00 00 
              00 00 00 00 
              00 00 00 00 
              00 00 00 00 
              00 00 00 00 
              00 00 00 00 
              00 00 00 00 
              00 00 00 00 
              00 00 00 00 
              00 00 00 00 
              00 00 00 00 
              00 00 00 00 
              00 00 00 00 
              00 00 00 00 
              00 00 00 00 
              00 00 00 00 
              00 00 00 00 
              00 00 00 00 
              00 00 00 00 
              00 00 00 00 
              00 00 00 00 
              00 00 00 00 
              00 00 00 00 
              00 00 00 00 
              00 00 00 00 
              00 00 00 00 
              00 00 00 00 
              00 00 00 00 
              00 00 00 00 
              00 00 00 00 
              00 00 00 00 
              00 00 00 00 
              00 00 00 00 
              00 00 00 00 
              00 00 00 00 
              00 00 00 00 
              00 00 00 00 
              00 00 00 00 
              00 00 00 00 
              00 00 00 00 
              00 00 00 00 
              00 00 00 00 
              00 00 00 00 
              00 00 00 03 
              60 04 A0 04 
              40 06 00 00 
              00 00 00 00 
              00 00 00 00 
              00 00 40 03 
              40 02 00 00 
              00 00 00 00 
              00 00 00 00 
              00 00 00 00 
              00 00 00 00 
              00 00 00 00 
              00 00 00 00 
              00 00 00 00 
              00 00 00 00 
              00 00 00 00 
              00 00 00 00 
              00 00 00 00 
              00 00 00 00 
              00 00 00 00 
              00 00 00 00 
              00 00 00 00 
              00 00 00 00 
              00 00 00 00 
              00 00 00 00 
              00 00 00 00 
              00 00 00 00 
              00 00 00 00 
              00 00 00 00 
              00 00 00 00 
              00 00 00 00 
              00 00 00 00 
              00 00 00 00 
              00 00 00 00 
              00 00 00 00 
              00 00 00 00 
              00 00 00 00 
              00 00 00 00 
              00 00 00 00 
              00 03 80 04 
              C0 00 E0 01 
              E0 07 E0 07 
              E0 07 00 00 
              00 00 00 00 
              00 00 00 00 
              20 07 E0 07 
              E0 07 20 07 
              00 00 00 00 
              00 00 00 00 
              00 00 00 00 
              00 00 00 00 
              00 00 00 00 
              00 00 00 00 
              00 00 00 00 
              00 00 00 00 
              00 00 00 00 
              00 00 00 00 
              00 00 00 00 
              00 00 00 00 
              00 00 00 00 
              00 00 00 00 
              00 00 00 00 
              00 00 00 00 
              00 00 00 00 
              00 00 00 00 
              00 00 00 00 
              00 00 00 00 
              00 00 00 00 
              00 00 00 00 
              00 00 00 00 
              00 00 00 00 
              00 00 00 00 
              00 00 00 00 
              00 00 00 00 
              00 00 00 00 
              00 00 00 00 
              00 00 00 00 
              00 00 00 00 
              00 00 20 04 
              A0 05 E0 07 
              E0 07 E0 07 
              E0 07 E0 07 
              A0 05 00 00 
              00 00 00 00 
              00 00 00 00 
              20 04 E0 07 
              E0 07 A0 00 
              00 00 00 00 
              00 00 00 00 
              00 00 00 00 
              00 00 00 00 
              00 00 00 00 
              00 00 00 00 
              00 00 00 00 
              00 00 00 00 
              00 00 00 00 
              00 00 00 00 
              00 00 00 00 
              00 00 00 00 
              00 00 00 00 
              00 00 00 00 
              00 00 00 00 
              00 00 00 00 
              00 00 00 00 
              00 00 00 00 
              00 00 00 00 
              00 00 00 00 
              00 00 00 00 
              00 00 00 00 
              00 00 00 00 
              00 00 00 00 
              00 00 00 00 
              00 00 00 00 
              00 00 00 00 
              00 00 00 00 
              00 00 00 00 
              00 00 00 00 
              00 00 40 00 
              E0 01 E0 07 
              E0 07 E0 07 
              E0 07 C0 06 
              80 01 00 06 
              00 00 00 00 
              00 00 00 00 
              00 00 00 00 
              00 00 80 07 
              E0 07 E0 04 
              40 01 00 00 
              00 00 00 00 
              00 00 00 00 
              00 00 00 00 
              00 00 00 00 
              00 00 00 00 
              00 00 00 00 
              00 00 00 00 
              00 00 00 00 
              00 00 00 00 
              00 00 00 00 
              00 00 00 00 
              00 00 00 00 
              00 00 00 00 
              00 00 00 00 
              00 00 00 00 
              00 00 00 00 
              00 00 00 00 
              00 00 00 00 
              00 00 00 00 
              00 00 00 00 
              00 00 00 00 
              00 00 00 00 
              00 00 00 00 
              00 00 00 00 
              00 00 00 00 
              00 00 00 00 
              00 00 00 00 
              00 00 00 00 
              00 00 00 00 
              00 00 60 07 
              E0 07 E0 07 
              E0 06 E0 07 
              E0 07 A0 06 
              00 00 00 00 
              00 00 00 00 
              00 00 00 00 
              00 00 00 00 
              00 00 20 04 
              E0 05 E0 07 
              E0 03 00 01 
              00 00 00 00 
              00 00 00 00 
              00 00 00 00 
              00 00 00 00 
              00 00 00 00 
              00 00 00 00 
              00 00 00 00 
              00 00 00 00 
              00 00 00 00 
              00 00 00 00 
              00 00 00 00 
              00 00 00 00 
              00 00 00 00 
              00 00 00 00 
              00 00 00 00 
              00 00 00 00 
              00 00 00 00 
              00 00 00 00 
              00 00 00 00 
              00 00 00 00 
              00 00 00 00 
              00 00 00 00 
              00 00 00 00 
              00 00 00 00 
              00 00 00 00 
              00 00 00 00 
              00 00 00 00 
              00 00 00 00 
              00 00 00 00 
              00 00 20 03 
              A0 04 80 03 
              00 04 C0 01 
              E0 07 E0 03 
              20 06 00 00 
              00 00 00 00 
              00 00 00 00 
              00 00 00 00 
              00 00 00 00 
              60 03 E0 07 
              E0 07 80 04 
              00 00 00 00 
              00 00 00 00 
              00 00 00 00 
              00 00 00 00 
              00 00 00 00 
              00 00 00 00 
              00 00 00 00 
              00 00 00 00 
              00 00 00 00 
              00 00 00 00 
              00 00 00 00 
              00 00 00 00 
              00 00 00 00 
              00 00 00 00 
              00 00 00 00 
              00 00 00 00 
              00 00 00 00 
              00 00 00 00 
              00 00 00 00 
              00 00 00 00 
              00 00 00 00 
              00 00 00 00 
              00 00 00 00 
              00 00 00 00 
              00 00 00 00 
              00 00 00 00 
              00 00 00 06 
              C0 02 C0 01 
              00 06 00 00 
              00 00 00 00 
              00 00 00 00 
              00 00 80 00 
              E0 07 E0 07 
              A0 06 00 00 
              00 00 00 00 
              00 00 00 00 
              00 00 00 00 
              00 00 00 00 
              00 00 A0 07 
              E0 07 E0 06 
              20 02 00 00 
              00 00 00 00 
              00 00 00 00 
              00 00 00 00 
              00 00 00 00 
              00 00 00 00 
              00 00 00 00 
              00 00 00 00 
              00 00 00 00 
              00 00 00 00 
              00 00 00 00 
              00 00 00 00 
              00 00 00 00 
              00 00 00 00 
              00 00 00 00 
              00 00 00 00 
              00 00 00 00 
              00 00 00 00 
              00 00 00 00 
              00 00 00 00 
              00 00 00 00 
              00 00 00 00 
              00 00 00 00 
              00 00 00 00 
              00 00 00 00 
              00 00 00 00 
              00 00 20 07 
              E0 07 E0 07 
              60 00 00 00 
              00 00 00 00 
              00 00 00 00 
              00 00 20 00 
              C0 07 E0 07 
              A0 06 00 00 
              00 00 00 00 
              00 00 00 00 
              00 00 00 00 
              00 00 00 00 
              00 00 20 04 
              E0 06 E0 07 
              A0 04 00 00 
              00 00 00 00 
              00 00 00 00 
              00 00 00 00 
              00 00 00 00 
              00 00 00 00 
              00 00 00 00 
              00 00 00 00 
              00 00 00 00 
              00 00 00 00 
              00 00 00 00 
              00 00 00 00 
              00 00 00 00 
              00 00 00 00 
              00 00 00 00 
              00 00 00 00 
              00 00 00 00 
              00 00 00 00 
              00 00 00 00 
              00 00 00 00 
              00 00 00 00 
              00 00 00 00 
              00 00 00 00 
              00 00 00 00 
              00 00 00 00 
              00 00 00 00 
              00 00 00 03 
              C0 05 E0 07 
              A0 04 00 00 
              00 00 00 00 
              00 00 00 00 
              00 00 00 00 
              A0 05 E0 07 
              E0 00 00 00 
              00 00 00 00 
              00 00 00 00 
              00 00 00 00 
              00 00 00 00 
              00 00 00 00 
              C0 00 E0 07 
              C0 01 00 00 
              00 00 00 00 
              00 00 00 00 
              00 00 00 00 
              00 00 00 00 
              00 00 00 00 
              00 00 00 00 
              00 00 00 00 
              00 00 00 00 
              00 00 00 00 
              00 00 00 00 
              00 00 00 00 
              00 00 00 00 
              00 00 00 00 
              00 00 00 00 
              00 00 00 00 
              00 00 00 00 
              00 00 00 00 
              00 00 00 00 
              00 00 00 00 
              00 00 00 00 
              00 00 00 00 
              00 00 00 00 
              40 00 A0 03 
              20 07 00 00 
              00 00 00 00 
              00 00 00 00 
              20 07 E0 06 
              C0 00 00 01 
              00 00 00 00 
              00 00 00 00 
              00 00 00 00 
              60 07 E0 07 
              E0 06 00 06 
              00 00 00 00 
              00 00 00 00 
              00 00 00 00 
              00 00 00 00 
              00 00 00 00 
              A0 05 E0 07 
              E0 06 00 05 
              00 00 00 00 
              00 00 00 00 
              00 00 00 00 
              00 00 00 00 
              00 00 00 00 
              00 00 00 00 
              00 00 00 00 
              00 00 00 00 
              00 00 00 00 
              00 00 00 00 
              00 00 00 00 
              00 00 00 00 
              00 00 00 00 
              00 00 00 00 
              00 00 00 00 
              00 00 00 00 
              00 00 00 00 
              00 00 00 00 
              00 00 00 00 
              00 00 00 00 
              00 00 00 00 
              00 00 00 00 
              A0 07 E0 07 
              A0 07 00 00 
              00 00 00 00 
              00 00 00 00 
              20 04 E0 07 
              E0 07 40 07 
              00 00 00 00 
              00 00 00 00 
              00 00 00 00 
              20 06 E0 07 
              E0 07 60 03 
              00 00 00 00 
              00 00 00 00 
              00 00 00 00 
              00 00 00 00 
              00 00 00 00 
              40 07 E0 07 
              E0 07 60 02 
              00 00 00 00 
              00 00 00 00 
              00 00 00 00 
              00 00 00 00 
              00 00 00 00 
              00 00 00 00 
              00 00 00 00 
              00 00 00 00 
              00 00 00 00 
              00 00 00 00 
              00 00 00 00 
              00 00 00 00 
              00 00 00 00 
              00 00 00 00 
              00 00 00 00 
              00 00 00 00 
              00 00 00 00 
              00 00 00 00 
              00 00 00 00 
              00 00 00 00 
              00 00 00 00 
              00 00 00 00 
              A0 06 E0 07 
              C0 01 00 00 
              00 00 00 00 
              00 00 00 00 
              00 00 C0 02 
              E0 07 E0 02 
              40 03 00 00 
              00 00 00 00 
              00 00 00 00 
              00 00 A0 03 
              E0 07 E0 00 
              00 01 00 00 
              00 00 00 00 
              00 00 00 00 
              00 00 00 00 
              00 00 00 00 
              00 00 E0 07 
              E0 07 A0 01 
              00 00 00 00 
              00 00 00 00 
              00 00 00 00 
              00 00 00 00 
              00 00 00 00 
              00 00 00 00 
              00 00 00 00 
              00 00 00 00 
              00 00 00 00 
              00 00 00 00 
              00 00 00 00 
              00 00 00 00 
              00 00 00 00 
              00 00 00 00 
              00 00 00 00 
              00 00 00 00 
              00 00 00 00 
              00 00 00 00 
              00 00 00 00 
              00 00 00 00 
              00 00 00 00 
              00 00 00 00 
              80 02 E0 07 
              E0 06 00 01 
              00 00 00 00 
              00 00 00 00 
              00 00 20 05 
              C0 07 E0 07 
              A0 07 00 00 
              00 00 00 00 
              00 00 00 00 
              00 00 40 05 
              E0 07 E0 07 
              40 00 00 00 
              00 00 00 00 
              00 00 00 00 
              00 00 00 00 
              00 00 00 00 
              00 00 C0 06 
              E0 07 E0 06 
              00 00 00 00 
              00 00 00 00 
              00 00 00 00 
              00 00 00 00 
              00 00 00 00 
              00 00 00 00 
              00 00 00 00 
              00 00 00 00 
              00 00 00 00 
              00 00 00 00 
              00 00 00 00 
              00 00 00 00 
              00 00 00 00 
              00 00 00 00 
              00 00 00 00 
              00 00 00 00 
              00 00 00 00 
              00 00 00 00 
              00 00 00 00 
              00 00 00 00 
              00 00 00 00 
              00 00 00 00 
              40 05 E0 07 
              E0 07 40 07 
              00 00 00 00 
              00 00 00 00 
              40 03 C0 03 
              E0 07 E0 07 
              E0 06 20 01 
              00 00 00 00 
              00 00 00 00 
              00 00 00 00 
              E0 04 E0 07 
              A0 00 00 00 
              00 00 00 00 
              00 00 00 00 
              00 00 00 00 
              00 00 00 00 
              00 00 60 00 
              E0 04 A0 03 
              00 00 00 00 
              00 00 00 00 
              00 00 00 00 
              00 00 00 00 
              00 00 00 00 
              00 00 00 00 
              00 00 00 00 
              00 00 00 00 
              00 00 00 00 
              00 00 00 00 
              00 00 00 00 
              00 00 00 00 
              00 00 00 00 
              00 00 00 00 
              00 00 00 00 
              00 00 00 00 
              00 00 00 00 
              00 00 00 00 
              00 00 00 00 
              00 00 00 00 
              00 00 00 00 
              00 00 00 00 
              00 00 C0 04 
              E0 07 A0 06 
              00 00 00 00 
              00 04 80 02 
              E0 04 E0 07 
              E0 07 E0 07 
              E0 07 C0 07 
              20 00 00 00 
              00 00 00 00 
              00 00 00 00 
              A0 05 E0 07 
              E0 01 20 00 
              00 00 00 00 
              00 00 00 00 
              00 00 00 00 
              00 00 00 00 
              00 00 00 00 
              00 00 00 00 
              00 00 00 00 
              00 00 00 00 
              00 00 00 00 
              00 00 00 00 
              00 00 00 00 
              00 00 00 00 
              00 00 00 00 
              00 00 00 00 
              00 00 00 00 
              00 00 00 00 
              00 00 00 00 
              00 00 00 00 
              00 00 00 00 
              00 00 00 00 
              00 00 00 00 
              00 00 00 00 
              00 00 00 00 
              00 00 00 00 
              00 00 00 00 
              00 00 00 00 
              00 00 00 00 
              00 00 00 00 
              00 00 A0 04 
              E0 07 E0 01 
              20 00 00 02 
              C0 01 E0 07 
              E0 07 E0 07 
              C0 00 80 03 
              E0 06 E0 07 
              80 04 00 00 
              00 00 00 00 
              00 00 00 00 
              20 05 E0 05 
              E0 07 80 04 
              00 00 00 00 
              00 00 00 00 
              00 00 00 00 
              00 00 00 00 
              00 00 00 00 
              00 00 00 00 
              00 00 00 00 
              00 00 00 00 
              00 00 00 00 
              00 00 00 00 
              00 00 00 00 
              00 00 00 00 
              00 00 00 00 
              00 00 00 00 
              00 00 00 00 
              00 00 00 00 
              00 00 00 00 
              00 00 00 00 
              00 00 00 00 
              00 00 00 00 
              00 00 00 00 
              00 00 00 00 
              00 00 00 00 
              00 00 00 00 
              00 00 00 00 
              00 00 00 00 
              00 00 00 00 
              00 00 00 00 
              00 00 60 02 
              E0 07 E0 07 
              A0 02 C0 05 
              E0 07 E0 07 
              E0 03 80 04 
              00 00 00 00 
              A0 06 E0 07 
              E0 02 20 01 
              00 00 00 00 
              00 00 00 00 
              00 00 A0 02 
              E0 07 E0 03 
              00 03 00 00 
              00 00 00 00 
              00 00 00 00 
              00 00 00 00 
              00 00 00 00 
              00 00 00 00 
              00 00 00 00 
              00 00 00 00 
              00 00 00 00 
              00 00 00 00 
              00 00 00 00 
              00 00 00 00 
              00 00 00 00 
              00 00 00 00 
              00 00 00 00 
              00 00 00 00 
              00 00 00 00 
              00 00 00 00 
              00 00 00 00 
              00 00 00 00 
              00 00 00 00 
              00 00 00 00 
              00 00 00 00 
              00 00 00 00 
              00 00 00 00 
              00 00 00 00 
              00 00 00 00 
              00 00 00 00 
              00 00 00 01 
              C0 01 E0 07 
              E0 07 E0 07 
              E0 07 C0 03 
              00 02 00 00 
              00 00 00 00 
              40 06 E0 07 
              E0 07 A0 00 
              00 00 00 00 
              00 00 00 00 
              00 00 20 04 
              E0 06 E0 07 
              60 06 00 00 
              00 00 00 00 
              00 00 00 00 
              00 00 00 00 
              00 00 00 00 
              00 00 00 00 
              20 07 00 00 
              00 00 00 00 
              00 00 00 00 
              00 00 00 00 
              00 00 00 00 
              00 00 00 00 
              00 00 00 00 
              00 00 00 00 
              00 00 00 00 
              00 00 00 00 
              00 00 00 00 
              00 00 00 00 
              00 00 00 00 
              00 00 00 00 
              00 00 00 00 
              00 00 00 00 
              00 00 00 00 
              00 00 00 00 
              00 00 00 00 
              00 00 00 00 
              00 00 00 00 
              00 00 00 00 
              00 00 00 00 
              80 04 E0 07 
              E0 07 E0 07 
              60 05 00 01 
              00 00 00 00 
              00 00 00 00 
              00 00 A0 04 
              E0 07 C0 03 
              00 00 00 00 
              00 00 00 00 
              00 00 00 00 
              C0 00 E0 07 
              A0 04 00 00 
              00 00 00 00 
              00 00 00 00 
              00 00 00 00 
              00 00 00 00 
              00 00 A0 02 
              E0 07 A0 01 
              00 00 00 00 
              00 00 00 00 
              00 00 00 00 
              00 00 00 00 
              00 00 00 00 
              00 00 00 00 
              00 00 00 00 
              00 00 00 00 
              00 00 00 00 
              00 00 00 00 
              00 00 00 00 
              00 00 00 00 
              00 00 00 00 
              00 00 00 00 
              00 00 00 00 
              00 00 00 00 
              00 00 00 00 
              00 00 00 00 
              00 00 00 00 
              00 00 00 00 
              00 00 00 00 
              00 00 00 00 
              A0 01 E0 07 
              E0 02 40 01 
              00 00 00 00 
              00 00 00 00 
              00 00 00 00 
              00 00 60 01 
              E0 07 E0 07 
              60 06 00 00 
              00 00 00 00 
              00 00 00 00 
              40 04 E0 07 
              E0 06 20 03 
              00 00 00 00 
              00 00 00 00 
              00 00 00 00 
              00 00 00 00 
              00 00 A0 07 
              E0 07 A0 07 
              00 00 00 00 
              00 00 00 00 
              00 00 00 00 
              00 00 00 00 
              00 00 00 00 
              00 00 00 00 
              00 00 00 00 
              00 00 00 00 
              00 00 00 00 
              00 00 00 00 
              00 00 00 00 
              00 00 00 00 
              00 00 00 00 
              00 00 00 00 
              00 00 00 00 
              00 00 00 00 
              00 00 00 00 
              00 00 00 00 
              00 00 00 00 
              00 00 00 00 
              00 00 00 00 
              00 00 00 00 
              60 04 E0 07 
              E0 07 60 02 
              00 00 00 00 
              00 00 00 00 
              00 00 00 00 
              00 00 00 01 
              C0 02 E0 07 
              A0 06 00 00 
              00 00 00 00 
              00 00 00 00 
              00 06 E0 06 
              E0 07 80 00 
              00 00 20 01 
              80 07 E0 00 
              C0 00 00 06 
              00 00 00 00 
              00 00 20 02 
              60 07 20 02 
              00 00 00 00 
              00 00 00 00 
              00 00 00 00 
              00 00 00 00 
              00 00 00 00 
              00 00 00 00 
              00 00 00 00 
              00 00 00 00 
              00 00 00 00 
              00 00 00 00 
              00 00 00 00 
              00 00 00 00 
              00 00 00 00 
              00 00 00 00 
              00 00 00 00 
              00 00 00 00 
              00 00 00 00 
              00 00 00 00 
              00 00 00 00 
              00 00 00 00 
              00 00 00 00 
              00 00 00 00 
              00 05 C0 06 
              E0 07 A0 04 
              00 00 00 00 
              00 00 00 00 
              00 00 00 00 
              00 00 00 00 
              60 03 E0 07 
              E0 06 20 01 
              00 00 00 00 
              00 00 00 00 
              00 00 A0 07 
              E0 07 C0 00 
              40 05 E0 01 
              E0 07 E0 07 
              E0 07 20 07 
              00 00 00 00 
              00 00 00 00 
              00 00 00 00 
              00 00 00 00 
              00 00 00 00 
              00 00 00 00 
              00 00 00 00 
              00 00 00 00 
              00 00 00 00 
              00 00 00 00 
              00 00 00 00 
              00 00 00 00 
              00 00 00 00 
              00 00 00 00 
              00 00 00 00 
              00 00 00 00 
              00 00 00 00 
              00 00 00 00 
              00 00 00 00 
              00 00 00 00 
              00 00 00 00 
              00 00 00 00 
              00 00 00 00 
              00 00 00 00 
              00 00 00 00 
              00 00 A0 03 
              E0 07 A0 06 
              00 00 00 00 
              00 00 00 00 
              00 00 00 00 
              00 00 00 00 
              00 06 E0 06 
              E0 07 60 04 
              00 00 00 00 
              00 00 00 00 
              00 00 80 06 
              E0 07 E0 06 
              E0 07 E0 07 
              E0 05 C0 00 
              A0 00 00 02 
              00 00 00 00 
              00 00 00 00 
              00 00 00 00 
              00 00 00 00 
              00 00 00 00 
              00 00 00 00 
              00 00 00 00 
              00 00 00 00 
              00 00 00 00 
              00 00 00 00 
              00 00 00 00 
              00 00 00 00 
              00 00 00 00 
              00 00 00 00 
              00 00 00 00 
              00 00 00 00 
              00 00 00 00 
              00 00 00 00 
              00 00 00 00 
              00 00 00 00 
              00 00 00 00 
              00 00 00 00 
              00 00 00 00 
              00 00 00 00 
              00 00 00 00 
              00 00 80 00 
              E0 07 E0 04 
              00 00 00 00 
              00 00 00 00 
              00 00 00 00 
              00 00 00 00 
              00 00 C0 01 
              E0 07 A0 06 
              00 00 00 00 
              00 00 00 00 
              00 04 A0 04 
              E0 07 E0 07 
              E0 07 E0 04 
              20 05 00 00 
              00 00 00 00 
              00 00 00 00 
              00 00 00 00 
              00 00 00 00 
              00 00 00 00 
              00 00 00 00 
              00 00 00 00 
              00 00 00 00 
              00 00 00 00 
              00 00 00 00 
              00 00 00 00 
              00 00 00 00 
              00 00 00 00 
              00 00 00 00 
              00 00 00 00 
              00 00 00 00 
              00 00 00 00 
              00 00 00 00 
              00 00 00 00 
              00 00 00 00 
              00 00 00 00 
              00 00 00 00 
              00 00 00 00 
              00 00 00 00 
              00 00 00 00 
              00 00 00 00 
              00 00 00 07 
              E0 06 C0 05 
              00 01 00 00 
              00 00 00 00 
              00 00 00 00 
              00 00 00 00 
              00 00 80 00 
              E0 07 E0 06 
              20 00 00 00 
              00 00 20 00 
              C0 02 E0 07 
              E0 07 E0 00 
              80 02 00 06 
              00 00 00 00 
              00 00 00 00 
              00 00 00 00 
              00 00 00 00 
              00 00 00 00 
              00 00 00 00 
              00 00 00 00 
              00 00 00 00 
              00 00 00 00 
              00 00 00 00 
              00 00 00 00 
              00 00 00 00 
              00 00 00 00 
              00 00 00 00 
              00 00 00 00 
              00 00 00 00 
              00 00 00 00 
              00 00 00 00 
              00 00 00 00 
              00 00 00 00 
              00 00 00 00 
              00 00 00 00 
              00 00 00 00 
              00 00 00 00 
              00 00 00 00 
              00 00 00 00 
              00 00 00 00 
              00 00 20 04 
              E0 07 E0 07 
              40 07 00 00 
              00 00 00 00 
              00 00 00 00 
              00 00 00 00 
              00 00 00 05 
              E0 05 E0 07 
              80 01 00 00 
              00 00 60 07 
              E0 07 E0 07 
              C0 00 00 05 
              00 00 00 00 
              00 00 00 00 
              00 00 00 00 
              00 00 00 00 
              00 00 00 00 
              00 00 00 00 
              00 00 00 00 
              00 00 00 00 
              00 00 00 00 
              00 00 00 00 
              00 00 00 00 
              00 00 00 00 
              00 00 00 00 
              00 00 00 00 
              00 00 00 00 
              00 00 00 00 
              00 00 00 00 
              00 00 00 00 
              00 00 00 00 
              00 00 00 00 
              00 00 00 00 
              00 00 00 00 
              00 00 00 00 
              00 00 00 00 
              00 00 00 00 
              00 00 00 00 
              00 00 00 00 
              00 00 00 00 
              00 00 00 00 
              C0 03 E0 07 
              A0 06 00 00 
              00 00 00 00 
              00 00 00 00 
              00 00 00 00 
              00 00 00 00 
              A0 07 E0 07 
              C0 05 00 00 
              00 00 40 03 
              E0 04 C0 00 
              00 05 00 00 
              00 00 00 00 
              00 00 00 00 
              00 00 00 00 
              00 00 00 00 
              00 00 20 04 
              00 00 00 00 
              00 00 00 00 
              00 00 00 00 
              00 00 00 00 
              00 00 00 00 
              00 00 00 00 
              00 00 00 00 
              00 00 00 00 
              00 00 00 00 
              00 00 00 00 
              00 00 00 00 
              00 00 00 00 
              00 00 00 00 
              00 00 00 00 
              00 00 00 00 
              00 00 00 00 
              00 00 00 00 
              00 00 00 00 
              00 00 00 00 
              00 00 00 00 
              00 00 00 00 
              00 00 00 00 
              00 00 00 00 
              00 00 00 00 
              A0 01 E0 07 
              E0 03 00 00 
              00 00 00 00 
              00 00 00 00 
              00 00 00 00 
              00 00 00 00 
              80 00 E0 07 
              E0 07 00 00 
              00 00 00 00 
              00 00 00 00 
              00 00 00 00 
              00 00 00 00 
              00 00 00 00 
              00 00 00 00 
              00 00 00 00 
              A0 00 E0 07 
              A0 01 00 00 
              00 00 00 00 
              00 00 00 00 
              00 00 00 00 
              00 00 00 00 
              00 00 00 00 
              00 00 00 00 
              00 00 00 00 
              00 00 00 00 
              00 00 00 00 
              00 00 00 00 
              00 00 00 00 
              00 00 00 00 
              00 00 00 00 
              00 00 00 00 
              00 00 00 00 
              00 00 00 00 
              00 00 00 00 
              00 00 00 00 
              00 00 00 00 
              00 00 00 00 
              00 00 00 00 
              00 00 00 00 
              00 00 00 00 
              60 05 E0 07 
              E0 07 20 01 
              00 00 00 00 
              00 00 00 00 
              00 00 00 00 
              00 00 00 00 
              40 01 E0 03 
              A0 05 00 00 
              00 00 00 00 
              00 00 00 00 
              00 00 00 00 
              00 00 00 00 
              00 00 00 00 
              00 00 00 00 
              00 00 00 00 
              A0 07 E0 07 
              E0 06 20 01 
              00 00 00 00 
              00 00 00 00 
              00 00 00 00 
              00 00 00 00 
              00 00 00 00 
              00 00 00 00 
              00 00 00 00 
              00 00 00 00 
              00 00 00 00 
              00 00 00 00 
              00 00 00 00 
              00 00 00 00 
              00 00 00 00 
              00 00 00 00 
              00 00 00 00 
              00 00 00 00 
              00 00 00 00 
              00 00 00 00 
              00 00 00 00 
              00 00 00 00 
              00 00 00 00 
              00 00 00 00 
              00 00 00 00 
              40 00 E0 07 
              E0 07 20 07 
              00 00 00 00 
              00 00 00 00 
              00 00 00 00 
              00 00 00 00 
              00 00 00 00 
              00 00 00 00 
              00 00 00 00 
              00 00 00 00 
              00 00 00 00 
              00 00 00 00 
              00 00 00 00 
              00 00 00 00 
              00 00 00 00 
              40 01 E0 07 
              E0 07 A0 07 
              00 01 00 00 
              00 00 00 00 
              00 00 00 00 
              00 00 00 00 
              00 00 00 00 
              00 00 00 00 
              00 00 00 00 
              00 00 00 00 
              00 00 00 00 
              00 00 00 00 
              00 00 00 00 
              00 00 00 00 
              00 00 00 00 
              00 00 00 00 
              00 00 00 00 
              00 00 00 00 
              00 00 00 00 
              00 00 00 00 
              00 00 00 00 
              00 00 00 00 
              00 00 00 00 
              00 00 00 00 
              00 00 00 00 
              20 06 E0 07 
              E0 07 20 06 
              00 00 00 00 
              00 00 00 00 
              00 00 00 00 
              00 00 00 00 
              00 00 00 00 
              00 00 00 00 
              00 00 00 00 
              00 00 00 00 
              00 00 00 00 
              00 00 00 01 
              60 01 20 02 
              00 00 00 00 
              00 00 00 00 
              00 00 A0 03 
              E0 07 E0 07 
              60 06 00 00 
              00 00 00 00 
              00 00 00 00 
              00 00 00 00 
              00 07 C0 03 
              C0 02 00 07 
              00 00 00 00 
              00 00 00 00 
              00 00 00 00 
              00 00 00 00 
              00 00 00 00 
              00 00 00 00 
              00 00 00 00 
              00 00 00 00 
              00 00 00 00 
              00 00 00 00 
              00 00 00 00 
              00 00 00 00 
              00 00 00 00 
              00 00 00 00 
              00 00 00 00 
              00 00 00 00 
              00 00 00 00 
              00 00 60 00 
              60 00 00 00 
              00 00 00 00 
              00 00 00 00 
              00 00 00 00 
              00 00 00 00 
              00 00 00 00 
              00 00 00 00 
              00 00 00 00 
              00 00 00 00 
              00 00 00 00 
              00 00 60 06 
              E0 07 E0 06 
              00 03 00 00 
              00 00 00 00 
              00 00 00 07 
              C0 07 E0 07 
              E0 06 20 07 
              00 00 00 00 
              00 00 00 00 
              00 00 00 00 
              20 07 E0 07 
              E0 07 A0 03 
              00 00 00 00 
              00 00 00 00 
              00 00 00 00 
              00 00 00 00 
              00 00 00 00 
              00 00 00 00 
              00 00 00 00 
              00 00 00 00 
              00 00 00 00 
              00 00 00 00 
              00 00 00 00 
              00 00 00 00 
              00 00 00 00 
              00 00 00 00 
              00 00 00 00 
              00 00 00 00 
              00 00 00 00 
              00 00 00 00 
              00 00 00 00 
              00 00 00 00 
              00 00 00 00 
              00 00 00 00 
              00 00 00 00 
              00 00 00 00 
              00 00 00 00 
              00 00 00 00 
              00 00 00 00 
              00 00 00 00 
              00 00 60 03 
              E0 07 E0 07 
              80 07 00 00 
              00 00 00 00 
              00 00 00 00 
              40 03 E0 07 
              E0 07 E0 00 
              00 02 00 00 
              00 00 00 00 
              00 00 00 00 
              00 05 E0 02 
              E0 07 E0 04 
              00 06 00 00 
              00 00 00 00 
              00 00 00 00 
              00 00 00 00 
              00 00 00 00 
              00 00 00 00 
              00 00 00 00 
              00 00 00 00 
              00 00 00 00 
              00 00 00 00 
              00 00 00 00 
              00 00 00 00 
              00 00 00 00 
              00 00 00 00 
              00 00 00 00 
              00 00 00 00 
              00 00 00 00 
              00 00 00 00 
              00 00 00 00 
              00 00 00 00 
              00 00 00 00 
              00 00 00 00 
              00 00 00 00 
              00 00 00 00 
              00 00 00 00 
              00 00 00 00 
              00 00 00 00 
              00 00 00 00 
              00 00 00 00 
              A0 02 E0 07 
              C0 05 00 03 
              00 00 00 00 
              00 00 00 00 
              00 00 A0 00 
              E0 07 E0 07 
              60 03 00 00 
              00 00 00 00 
              00 00 00 00 
              00 00 60 02 
              E0 07 E0 07 
              A0 00 00 00 
              00 00 00 00 
              00 00 00 00 
              00 00 00 00 
              00 00 00 00 
              00 00 00 00 
              00 00 00 00 
              00 00 00 00 
              00 00 00 00 
              00 00 00 00 
              00 00 00 00 
              00 00 00 00 
              00 00 00 00 
              00 00 00 00 
              00 00 00 00 
              00 00 00 00 
              00 00 00 00 
              00 00 00 00 
              00 00 00 00 
              00 00 00 00 
              00 00 00 00 
              00 00 00 00 
              00 00 00 00 
              00 00 00 00 
              00 00 00 00 
              00 00 00 00 
              00 00 00 00 
              00 00 00 00 
              00 00 00 00 
              20 04 E0 07 
              E0 07 A0 00 
              00 00 00 00 
              00 00 00 00 
              00 00 00 06 
              E0 07 E0 07 
              60 07 00 00 
              00 00 00 00 
              00 00 00 00 
              00 00 00 00 
              C0 05 E0 07 
              A0 07 00 00 
              00 00 00 00 
              00 00 00 00 
              00 00 00 00 
              00 00 00 00 
              00 00 00 00 
              00 00 00 00 
              00 00 00 00 
              00 00 00 00 
              00 00 00 00 
              00 00 00 00 
              00 00 00 00 
              00 00 00 00 
              00 00 00 00 
              00 00 00 00 
              00 00 00 00 
              00 00 00 00 
              00 00 00 00 
              00 00 00 00 
              00 00 00 00 
              00 00 00 00 
              00 00 00 00 
              00 00 00 00 
              00 00 00 00 
              00 00 00 00 
              00 00 00 00 
              00 00 00 00 
              00 00 00 00 
              00 00 00 00 
              00 00 C0 02 
              E0 07 E0 03 
              20 01 00 00 
              00 00 00 00 
              00 00 00 00 
              80 00 A0 04 
              20 03 00 00 
              00 00 00 00 
              00 00 00 00 
              00 00 00 02 
              E0 03 E0 07 
              A0 06 00 00 
              00 00 00 00 
              00 00 00 00 
              00 00 00 00 
              00 00 00 00 
              00 00 00 00 
              00 00 00 00 
              00 00 00 00 
              00 00 00 00 
              00 00 00 00 
              00 00 00 00 
              00 00 00 00 
              00 00 00 00 
              00 00 00 00 
              00 00 00 00 
              00 00 00 00 
              00 00 00 00 
              00 00 00 00 
              00 00 00 00 
              00 00 00 00 
              00 00 00 00 
              00 00 00 00 
              00 00 00 00 
              00 00 00 00 
              00 00 00 00 
              00 00 00 00 
              00 00 00 00 
              00 00 00 00 
              00 00 00 00 
              00 00 20 07 
              E0 03 E0 07 
              A0 03 00 00 
              00 00 00 00 
              00 00 00 00 
              00 00 00 00 
              00 00 00 00 
              00 00 00 00 
              00 00 00 00 
              00 00 40 02 
              E0 07 E0 07 
              40 06 00 00 
              00 00 00 00 
              00 00 00 00 
              00 00 00 00 
              00 00 00 00 
              00 00 00 00 
              00 00 00 00 
              00 00 00 00 
              00 00 00 00 
              00 00 00 00 
              00 00 00 00 
              00 00 00 00 
              00 00 00 00 
              00 00 00 00 
              00 00 00 00 
              00 00 00 00 
              00 00 00 00 
              00 00 00 00 
              00 00 00 00 
              00 00 00 00 
              00 00 00 00 
              00 00 00 00 
              00 00 00 00 
              00 00 00 00 
              00 00 00 00 
              00 00 00 00 
              00 00 00 00 
              00 00 00 00 
              00 00 00 00 
              00 00 00 00 
              A0 06 E0 07 
              E0 03 20 01 
              00 00 00 00 
              00 00 00 00 
              00 00 00 00 
              00 00 00 00 
              00 00 00 00 
              00 00 00 00 
              00 00 A0 03 
              E0 07 C0 07 
              00 03 00 00 
              00 00 00 00 
              00 00 00 00 
              00 00 00 00 
              00 00 00 00 
              00 00 00 00 
              00 00 00 00 
              00 00 00 00 
              00 00 00 00 
              00 00 00 00 
              00 00 00 00 
              00 00 00 00 
              00 00 00 00 
              00 00 00 00 
              00 00 00 00 
              00 00 00 00 
              00 00 00 00 
              00 00 00 00 
              00 00 00 00 
              00 00 00 00 
              00 00 00 00 
              00 00 00 00 
              00 00 00 00 
              00 00 00 00 
              00 00 00 00 
              00 00 00 00 
              00 00 00 00 
              00 00 00 00 
              00 00 00 00 
              00 00 00 00 
              40 07 E0 07 
              E0 07 A0 01 
              00 00 00 00 
              00 00 00 00 
              00 00 00 00 
              00 00 00 00 
              00 00 00 00 
              00 00 00 00 
              00 03 C0 00 
              E0 04 40 07 
              00 00 00 00 
              00 00 00 00 
              00 00 00 00 
              00 00 00 00 
              00 00 00 00 
              00 00 00 00 
              00 00 00 00 
              00 00 00 00 
              00 00 00 00 
              00 00 00 00 
              00 00 00 00 
              00 00 00 00 
              00 00 00 00 
              00 00 00 00 
              00 00 00 00 
              00 00 00 00 
              00 00 00 00 
              00 00 00 00 
              00 00 00 00 
              00 00 00 00 
              00 00 00 00 
              00 00 00 00 
              00 00 00 00 
              00 00 00 00 
              00 00 00 00 
              00 00 00 00 
              00 00 00 00 
              00 00 00 00 
              00 00 00 00 
              00 00 00 00 
              00 00 C0 04 
              E0 07 E0 06 
              20 04 00 00 
              00 00 00 00 
              00 00 00 00 
              00 00 00 00 
              00 00 00 00 
              00 00 00 00 
              60 06 E0 07 
              E0 03 00 00 
              00 00 00 00 
              00 00 00 00 
              00 00 00 00 
              00 00 00 00 
              00 00 00 00 
              00 00 00 00 
              00 00 00 00 
              00 00 00 00 
              00 00 00 00 
              00 00 00 00 
              00 00 00 00 
              00 00 00 00 
              00 00 00 00 
              00 00 00 00 
              00 00 00 00 
              00 00 00 00 
              00 00 00 00 
              00 00 00 00 
              00 00 00 00 
              00 00 00 00 
              00 00 00 00 
              00 00 00 00 
              00 00 00 00 
              00 00 00 00 
              00 00 00 00 
              00 00 00 00 
              00 00 00 00 
              00 00 00 00 
              00 00 00 00 
              00 00 00 00 
              00 00 60 01 
              E0 07 E0 07 
              60 07 00 00 
              00 00 00 00 
              00 00 00 00 
              00 00 00 00 
              00 00 00 00 
              00 00 00 00 
              C0 01 E0 07 
              C0 00 00 00 
              00 00 00 00 
              00 00 00 00 
              00 00 00 00 
              00 00 00 00 
              00 00 00 00 
              00 00 00 00 
              00 00 00 00 
              00 00 00 00 
              00 00 00 00 
              00 00 00 00 
              00 00 00 00 
              00 00 00 00 
              00 00 00 00 
              00 00 00 00 
              00 00 00 00 
              00 00 00 00 
              00 00 00 00 
              00 00 00 00 
              00 00 00 00 
              00 00 00 00 
              00 00 00 00 
              00 00 00 00 
              00 00 00 00 
              00 00 00 00 
              00 00 00 00 
              00 00 00 00 
              00 00 00 05 
              60 05 00 04 
              00 00 00 00 
              00 00 00 00 
              00 00 00 01 
              A0 03 E0 00 
              20 06 00 00 
              00 00 00 00 
              00 00 00 00 
              00 00 00 00 
              00 00 00 00 
              00 00 40 06 
              E0 07 E0 07 
              60 05 00 00 
              00 00 00 00 
              00 00 00 00 
              00 00 00 00 
              00 00 00 00 
              00 00 00 00 
              00 00 00 00 
              00 00 00 00 
              00 00 00 00 
              00 00 00 00 
              00 00 00 00 
              00 00 00 00 
              00 00 00 00 
              00 00 00 00 
              00 00 00 00 
              00 00 00 00 
              00 00 00 00 
              00 00 00 00 
              00 00 00 00 
              00 00 00 00 
              00 00 00 00 
              00 00 00 00 
              00 00 00 00 
              00 00 00 00 
              00 00 00 00 
              00 00 00 00 
              00 00 00 00 
              00 00 A0 06 
              E0 07 C0 05 
              00 01 00 00 
              00 00 00 00 
              00 00 00 00 
              00 00 00 00 
              00 00 00 00 
              00 00 00 00 
              00 00 00 00 
              00 00 00 00 
              00 00 00 00 
              20 06 E0 02 
              E0 07 E0 00 
              00 05 00 00 
              00 00 00 00 
              00 00 00 00 
              00 00 00 00 
              00 00 00 00 
              00 00 00 00 
              00 00 00 00 
              00 00 00 00 
              00 00 00 00 
              00 00 00 00 
              00 00 00 00 
              00 00 00 00 
              00 00 00 00 
              00 00 00 00 
              00 00 00 00 
              00 00 00 00 
              00 00 00 00 
              00 00 00 00 
              00 00 00 00 
              00 00 00 00 
              00 00 00 00 
              00 00 00 00 
              00 00 00 00 
              00 00 00 00 
              00 00 00 00 
              00 00 00 00 
              00 00 00 00 
              00 00 A0 03 
              E0 07 E0 07 
              60 00 00 00 
              00 00 00 00 
              00 00 00 00 
              00 00 00 00 
              00 00 00 00 
              00 00 00 00 
              00 00 00 00 
              00 00 00 00 
              00 00 60 01 
              E0 06 E0 07 
              E0 07 60 06 
              00 00 00 00 
              00 00 00 00 
              00 00 00 00 
              00 00 00 00 
              00 00 00 00 
              00 00 00 00 
              00 00 00 00 
              00 00 00 00 
              00 00 00 00 
              00 00 00 00 
              00 00 00 00 
              00 00 00 00 
              00 00 00 00 
              00 00 00 00 
              00 00 00 00 
              00 00 00 00 
              00 00 00 00 
              00 00 00 00 
              00 00 00 00 
              00 00 00 00 
              00 00 00 00 
              00 00 00 00 
              00 00 00 00 
              00 00 00 00 
              00 00 00 00 
              00 00 00 00 
              00 00 00 00 
              00 00 20 01 
              E0 06 E0 07 
              C0 06 00 03 
              00 00 00 00 
              00 00 00 00 
              00 00 00 00 
              00 00 00 00 
              00 00 00 00 
              00 00 00 00 
              00 00 00 04 
              A0 04 E0 07 
              E0 07 E0 05 
              80 03 00 01 
              00 00 00 00 
              00 00 00 00 
              00 00 00 00 
              00 00 00 00 
              00 00 00 00 
              00 00 00 00 
              00 00 00 00 
              00 00 00 00 
              00 00 00 00 
              00 00 00 00 
              00 00 00 00 
              00 00 00 00 
              00 00 00 00 
              00 00 00 00 
              00 00 00 00 
              00 00 00 00 
              00 00 00 00 
              00 00 00 00 
              00 00 00 00 
              00 00 00 00 
              00 00 00 00 
              00 00 00 00 
              00 00 00 00 
              00 00 00 00 
              00 00 00 00 
              00 00 00 00 
              00 00 00 00 
              00 00 00 00 
              60 06 E0 07 
              E0 07 80 07 
              00 00 00 00 
              00 00 00 00 
              00 00 00 00 
              00 00 00 00 
              00 00 00 00 
              00 00 20 05 
              80 07 E0 02 
              E0 07 E0 07 
              E0 04 40 01 
              00 00 00 00 
              00 00 00 00 
              00 00 00 00 
              00 00 00 00 
              00 00 00 00 
              00 00 00 00 
              00 00 00 00 
              00 00 00 00 
              00 00 00 00 
              00 00 00 00 
              00 00 00 00 
              00 00 00 00 
              00 00 00 00 
              00 00 00 00 
              00 00 00 00 
              00 00 00 00 
              00 00 00 00 
              00 00 00 00 
              00 00 00 00 
              00 00 00 00 
              00 00 00 00 
              00 00 00 00 
              00 00 00 00 
              00 00 00 00 
              00 00 00 00 
              00 00 00 00 
              00 00 00 00 
              00 00 00 00 
              00 00 00 00 
              00 00 E0 02 
              E0 07 E0 07 
              A0 03 00 04 
              00 00 00 00 
              00 00 00 00 
              00 00 00 00 
              00 00 00 04 
              80 04 E0 06 
              E0 07 E0 07 
              E0 07 E0 00 
              20 05 00 00 
              00 00 00 00 
              00 00 00 00 
              00 00 00 00 
              00 00 00 00 
              00 00 00 00 
              00 00 00 00 
              00 00 00 00 
              00 00 00 00 
              00 00 00 00 
              00 00 00 00 
              00 00 00 00 
              00 00 00 00 
              00 00 00 00 
              00 00 00 00 
              00 00 00 00 
              00 00 00 00 
              00 00 00 00 
              00 00 00 00 
              00 00 00 00 
              00 00 00 00 
              00 00 00 00 
              00 00 00 00 
              00 00 00 00 
              00 00 00 00 
              00 00 00 00 
              00 00 00 00 
              00 00 00 00 
              00 00 00 00 
              00 00 00 00 
              00 00 40 03 
              E0 07 E0 07 
              E0 07 E0 01 
              80 05 60 00 
              00 07 00 06 
              00 05 40 05 
              C0 01 E0 01 
              E0 07 E0 07 
              E0 07 C0 01 
              80 07 00 06 
              00 00 00 00 
              00 00 00 00 
              00 00 00 00 
              00 00 00 00 
              00 00 00 00 
              00 00 00 00 
              00 00 00 00 
              00 00 00 00 
              00 00 00 00 
              00 00 00 00 
              00 00 00 00 
              00 00 00 00 
              00 00 00 00 
              00 00 00 00 
              00 00 00 00 
              00 00 00 00 
              00 00 00 00 
              00 00 00 00 
              00 00 00 00 
              00 00 00 00 
              00 00 00 00 
              00 00 00 00 
              00 00 00 00 
              00 00 00 00 
              00 00 00 00 
              00 00 00 00 
              00 00 00 00 
              00 00 00 00 
              00 00 00 00 
              00 00 00 00 
              00 00 00 00 
              40 02 C0 05 
              E0 07 E0 07 
              E0 07 E0 07 
              E0 07 E0 07 
              E0 07 E0 07 
              E0 07 E0 07 
              E0 07 C0 03 
              80 00 00 00 
              00 00 00 00 
              00 00 00 00 
              00 00 00 00 
              00 00 00 00 
              00 00 00 00 
              00 00 00 00 
              00 00 00 00 
              00 00 00 00 
              00 00 00 00 
              00 00 00 00 
              00 00 00 00 
              00 00 00 00 
              00 00 00 00 
              00 00 00 00 
              00 00 00 00 
              00 00 00 00 
              00 00 00 00 
              00 00 00 00 
              00 00 00 00 
              00 00 00 00 
              00 00 00 00 
              00 00 00 00 
              00 00 00 00 
              00 00 00 00 
              00 00 00 00 
              00 00 00 00 
              00 00 00 00 
              00 00 00 00 
              00 00 00 00 
              00 00 00 00 
              00 00 00 00 
              00 00 00 00 
              00 00 00 06 
              80 02 C0 00 
              E0 07 E0 07 
              E0 07 E0 07 
              E0 07 E0 07 
              E0 07 C0 02 
              80 00 00 00 
              00 00 00 00 
              00 00 00 00 
              00 00 00 00 
              00 00 00 00 
              00 00 00 00 
              00 00 00 00 
              00 00 00 00 
              00 00 00 00 
              00 00 00 00 
              00 00 00 00 
              00 00 00 00 
              00 00 00 00 
              00 00 00 00 
              00 00 00 00 
              00 00 00 00 
              00 00 00 00 
              00 00 00 00 
              00 00 00 00 
              00 00 00 00 
              00 00 00 00 
              00 00 00 00 
              00 00 00 00 
              00 00 00 00 
              00 00 00 00 
              00 00 00 00 
              00 00 00 00 
              00 00 00 00 
              00 00 00 00 
              00 00 00 00 
              00 00 00 00 
              00 00 00 00 
              00 00 00 00 
              00 00 00 00 
              00 00 00 00 
              00 00 00 00 
              00 07 40 06 
              60 04 60 06 
              60 06 60 01 
              20 03 00 00 
              00 00 00 00 
              00 00 00 00 
              00 00 00 00 
              00 00 00 00 
              00 00 00 00 
              00 00 00 00 
              00 00 00 00 
              00 00 00 00 
              00 00 00 00 
              00 00 00 00 
              00 00 00 00 
              00 00 00 00 
              00 00 00 00 
              00 00 00 00 
              00 00 00 00 
              00 00 00 00 
              00 00 00 00 
              00 00 00 00 
              00 00 00 00 
              00 00 00 00 
              00 00 00 00 
              00 00 00 00 
              00 00 00 00 
              00 00 00 00 
              00 00 00 00 
              00 00 00 00 
              00 00 00 00 
              00 00 00 00 
              00 00 00 00 
              00 00 00 00 
              00 00 00 00 
              00 00 00 00 
              00 00 00 00 
              00 00 00 00 
              00 00 00 00 
              00 00 00 00 
              00 00 00 00 
              00 00 00 00 
              00 00 00 00 
              00 00 00 00 
              00 00 00 00 
              00 00 00 00 
              00 00 00 00 
              00 00 00 00 
              00 00 00 00 
              00 00 00 00 
              00 00 00 00 
              00 00 00 00 
              00 00 00 00 
              00 00 00 00 
              00 00 00 00 
              00 00 00 00 
              00 00 00 00 
              00 00 00 00 
              00 00 00 00 
              00 00 00 00 
              00 00 00 00 
              00 00 00 00 
              00 00 00 00 
              00 00 00 00 
              00 00 00 00 
              00 00 00 00 
              00 00 00 00 
              00 00 00 00 
              00 00 00 00 
              00 00 00 00 
              00 00 00 00 
              00 00 00 00 
              00 00 00 00 
              00 00 00 00 
              00 00 00 00 
              00 00 00 00 
              00 00 00 00 
              00 00 00 00 
              00 00 00 00 
              00 00 00 00 
              00 00 00 00 
              00 00 00 00 
              00 00 00 00 
              00 00 00 00 
              00 00 00 00 
              00 00 00 00 
              00 00 00 00 
              00 00 00 00 
              00 00 00 00 
              00 00 00 00 
              00 00 00 00 
              00 00 00 00 
              00 00 00 00 
              00 00 00 00 
              00 00 00 00 
              00 00 00 00 
              00 00 00 00 
              00 00 00 00 
              00 00 00 00 
              00 00 00 00 
              00 00 00 00 
              00 00 00 00 
              00 00 00 00 
              00 00 00 00 
              00 00 00 00 
              00 00 00 00 
              00 00 00 00 
              00 00 00 00 
              00 00 00 00 
              00 00 00 00 
              00 00 00 00 
              00 00 00 00 
              00 00 00 00 
              00 00 00 00 
              00 00 00 00 
              00 00 00 00 
              00 00 00 00 
              00 00 00 00 
              00 00 00 00 
              00 00 00 00 
              00 00 00 00 
              00 00 00 00 
              00 00 00 00 
              00 00 00 00 
              00 00 00 00 
              00 00 00 00 
              00 00 00 00 
              00 00 00 00 
              00 00 00 00 
              00 00 00 00 
              00 00 00 00 
              00 00 00 00 
              00 00 00 00 
              00 00 00 00 
              00 00 00 00 
              00 00 00 00 
              00 00 00 00 
              00 00 00 00 
              00 00 00 00 
              00 00 00 00 
              00 00 00 00 
              00 00 00 00 
              00 00 00 00 
              00 00 00 00 
              00 00 00 00 
              00 00 00 00 
              00 00 00 00 
              00 00 00 00 
              00 00 00 00 
              00 00 00 00 
              00 00 00 00 
              00 00 00 00 
              00 00 00 00 
              00 00 00 00 
              00 00 00 00 
              00 00 00 00 
              00 00 00 00 
              00 00 00 00 
              00 00 00 00 
              00 00 00 00 
              00 00 00 00 
              00 00 00 00 
              00 00 00 00 
              00 00 00 00 
              00 00 00 00 
              00 00 00 00 
              00 00 00 00 
              00 00 00 00 
              00 00 00 00 
              00 00 00 00 
              00 00 00 00 
              00 00 00 00 
              00 00 00 00 
              00 00 00 00 
              00 00 00 00 
              00 00 00 00 
              00 00 00 00 
              00 00 00 00 
              00 00 00 00 
              00 00 00 00 
              00 00 00 00 
              00 00 00 00 
              00 00 00 00 
              00 00 00 00 
              00 00 00 00 
              00 00 00 00 
              00 00 00 00 
              00 00 00 00 
              00 00 00 00 
              00 00 00 00 
              00 00 00 00 
              00 00 00 00 
              00 00 00 00 
              00 00 00 00 
              00 00 00 00 
              00 00 00 00 
              00 00 00 00 
              00 00 00 00 
              00 00 00 00 
              00 00 00 00 
              00 00 00 00 
              00 00 00 00 
              00 00 00 00 
              00 00 00 00 
              00 00 00 00 
              00 00 00 00 
              00 00 00 00 
              00 00 00 00 
              00 00 00 00 
              00 00 00 00 
              00 00 00 00 
              00 00 00 00 
              00 00 00 00 
              00 00 00 00 
              00 00 00 00 
              00 00 00 00 
              00 00 00 00 
              00 00 00 00 
              00 00 00 00 
              00 00 00 00 
              00 00 00 00 
              00 00 00 00 
              00 00 00 00 
              00 00 00 00 
              00 00 00 00 
              00 00 00 00 
              00 00 00 00 
              00 00 00 00 
              00 00 00 00 
              00 00 00 00 
              00 00 00 00 
              00 00 00 00 
              00 00 00 00 
              00 00 00 00 
              00 00 00 00 
              00 00 00 00 
              00 00 00 00 
              00 00 00 00 
              00 00 00 00 
              00 00 00 00 
              00 00 00 00 
              00 00 00 00 
              00 00 00 00 
              00 00 00 00 
              00 00 00 00 
              00 00 00 00 
              00 00 00 00 
              00 00 00 00 
              00 00 00 00 
              00 00 00 00 
              00 00 00 00 
              00 00 00 00 
              00 00 00 00 
              00 00 00 00 
              00 00 00 00 
              00 00 00 00 
              00 00 00 00 
              00 00 00 00 
              00 00 00 00 
              00 00 00 00 
              00 00 00 00 
              00 00 00 00 
              00 00 00 00 
              00 00 00 00 
              00 00 00 00 
              00 00 00 00 
              00 00 00 00 
              00 00 00 00 
              00 00 00 00 
              00 00 00 00 
              00 00 00 00 
              00 00 00 00 
              00 00 00 00 
              00 00 00 00 
              00 00 00 00 
              00 00 00 00 
              00 00 00 00 
              00 00 00 00 
              00 00 00 00 
              00 00 00 00 
              00 00 00 00 
              00 00 00 00 
              00 00 00 00 
              00 00 00 00 
              00 00 00 00 
              00 00 00 00 
              00 00 00 00 
              00 00 00 00 
              00 00 00 00 
              00 00 00 00 
              00 00 00 00 
              00 00 00 00 
              00 00 00 00 
              00 00 00 00 
              00 00 00 00 
              00 00 00 00 
              00 00 00 00 
              00 00 00 00 
              00 00 00 00 
              00 00 00 00 
              00 00 00 00 
              00 00 00 00 	#import "../assets/images/Green.txt"
