    1 00:0000 -  -  -  -  #include "includes\ti84pce.inc"
Listing for file "C:\Users\phizz\Programs\TI 84 Plus CE\Assembly\ASM Assembler\includes\ti84pce.inc"
    1 00:0000 -  -  -  -  ;TI-84 Plus CE Include File
    2 00:0000 -  -  -  -  
    3 00:0000 -  -  -  -  ;Various Parts Contributed by
    4 00:0000 -  -  -  -  ;- BrandonW
    5 00:0000 -  -  -  -  ;- calc84
    6 00:0000 -  -  -  -  ;- MateoConLechuga
    7 00:0000 -  -  -  -  ;- Runer112
    8 00:0000 -  -  -  -  ;- tr1p1ea
    9 00:0000 -  -  -  -  ;- Kerm Martian
   10 00:0000 -  -  -  -  ;- Texas Instruments (ti83plus.inc)
Listing for file "hello.asm"
    2 00:0000 -  -  -  -  
    3 00:0000 -  -  -  -   .assume ADL=1
    4 00:0000 -  -  -  -   .org userMem-2
    5 D1:A87F EF 7B -  -   .db tExtTok,tAsm84CeCmp
    6 D1:A881 -  -  -  -  
    7 D1:A881 CD 28 08 02  call _homeup
    8 D1:A885 CD 10 08 02  call _ClrScrnFull
    9 D1:A889 21 9E A8 D1  ld hl,TutorialText
   10 D1:A88D CD C0 07 02  call _PutS
   11 D1:A891 CD 8C 0D 02  call _GetKey
   12 D1:A895 CD 10 08 02  call _ClrScrnFull
   13 D1:A899 FD CB 00 AE  res donePrgm,(iy+doneFlags)
   14 D1:A89D C9 -  -  -   ret
   15 D1:A89E -  -  -  -  
   16 D1:A89E -  -  -  -  TutorialText:
   17 D1:A89E 48 65 6C 6C 
              6F 20 57 6F 
              72 6C 64 21 
              00 -  -  -    .db "Hello World!",0
