Listing for file "src\key.asm"
    3 00:0000 -  -  -  -  .list
    4 00:0000 -  -  -  -   .assume ADL=1
    5 00:0000 -  -  -  -   .org userMem-2
    6 D1:A87F EF 7B -  -   .db tExtTok,tAsm84CeCmp
    7 D1:A881 -  -  -  -  
    8 D1:A881 -  -  -  -  init:
    9 D1:A881 F3 -  -  -   di
   10 D1:A882 CD 28 08 02  call _HomeUp
   11 D1:A886 CD 10 08 02  call _ClrScrnFull
   12 D1:A88A CD 48 08 02  call _RunIndicOff
   13 D1:A88E -  -  -  -      ;save flags
   14 D1:A88E F5 -  -  -       push af
   15 D1:A88F FD E5 -  -       push iy
   16 D1:A891 -  -  -  -  
   17 D1:A891 -  -  -  -  main:
   18 D1:A891 21 00 00 F5  ld hl,mpKeyMode
   19 D1:A895 36 02 -  -   ld (hl),2
   20 D1:A897 -  -  -  -  
   21 D1:A897 3E 00 -  -   ld a,0
   22 D1:A899 -  -  -  -  wait:
   23 D1:A899 BE -  -  -   cp a,(hl)
   24 D1:A89A C2 99 A8 D1  jp nz,wait
   25 D1:A89E -  -  -  -  
   26 D1:A89E 21 1E 00 F5  ld hl,mpKeyData+$e
   27 D1:A8A2 7E -  -  -   ld a,(hl)
   28 D1:A8A3 CB 47 -  -   bit 0,a
   29 D1:A8A5 C4 F5 A8 D1  call nz,down
   30 D1:A8A9 CB 4F -  -   bit 1,a
   31 D1:A8AB C4 07 A9 D1  call nz,left
   32 D1:A8AF CB 57 -  -   bit 2,a
   33 D1:A8B1 C4 19 A9 D1  call nz,right
   34 D1:A8B5 CB 5F -  -   bit 3,a
   35 D1:A8B7 C4 E5 A8 D1  call nz,up
   36 D1:A8BB -  -  -  -  
   37 D1:A8BB 21 1C 00 F5  ld hl,mpKeyData+$c
   38 D1:A8BF 7E -  -  -   ld a,(hl)
   39 D1:A8C0 CB 47 -  -   bit 0,a
   40 D1:A8C2 C2 D0 A8 D1  jp nz,exit
   41 D1:A8C6 CB 77 -  -   bit 6,a
   42 D1:A8C8 C2 D0 A8 D1  jp nz,exit
   43 D1:A8CC -  -  -  -  
   44 D1:A8CC C3 91 A8 D1  jp main
   45 D1:A8D0 -  -  -  -  
   46 D1:A8D0 -  -  -  -  exit:
   47 D1:A8D0 FD E1 -  -   pop iy
   48 D1:A8D2 F1 -  -  -   pop af
   49 D1:A8D3 FB -  -  -   ei
   50 D1:A8D4 CD 2C A9 D1  call restoreKeyBoard
   51 D1:A8D8 CD 10 08 02  call _ClrScrnFull
   52 D1:A8DC CD 28 08 02  call _HomeUp
   53 D1:A8E0 FD CB 00 AE  res donePrgm, (iy+doneFlags)
   54 D1:A8E4 C9 -  -  -   ret
   55 D1:A8E5 -  -  -  -  
   56 D1:A8E5 -  -  -  -  up:
   57 D1:A8E5 21 F2 A8 D1  ld hl,U
   58 D1:A8E9 CD C0 07 02  call _PutS
   59 D1:A8ED CD F0 07 02  call _NewLine
   60 D1:A8F1 C9 -  -  -   ret
   61 D1:A8F2 -  -  -  -  U:
   62 D1:A8F2 75 70 00 -   .db "up",0
   63 D1:A8F5 -  -  -  -  down:
   64 D1:A8F5 21 02 A9 D1  ld hl,Do
   65 D1:A8F9 CD C0 07 02  call _PutS
   66 D1:A8FD CD F0 07 02  call _NewLine
   67 D1:A901 C9 -  -  -   ret
   68 D1:A902 -  -  -  -  Do:
   69 D1:A902 64 6F 77 6E 
              00 -  -  -   .db "down",0
   70 D1:A907 -  -  -  -  left:
   71 D1:A907 21 14 A9 D1  ld hl,Lef
   72 D1:A90B CD C0 07 02  call _PutS
   73 D1:A90F CD F0 07 02  call _NewLine
   74 D1:A913 C9 -  -  -   ret
   75 D1:A914 -  -  -  -  Lef:
   76 D1:A914 6C 65 66 74 
              00 -  -  -   .db "left",0
   77 D1:A919 -  -  -  -  right:
   78 D1:A919 21 26 A9 D1  ld hl,Ri
   79 D1:A91D CD C0 07 02  call _PutS
   80 D1:A921 CD F0 07 02  call _NewLine
   81 D1:A925 C9 -  -  -   ret
   82 D1:A926 -  -  -  -  Ri:
   83 D1:A926 72 69 67 68 
              74 00 -  -   .db "right",0
   84 D1:A92C -  -  -  -  
   85 D1:A92C -  -  -  -  ;source: https://wikiti.brandonw.net/index.php?title=84PCE:Ports:A000
   86 D1:A92C -  -  -  -  ;ez80 mode
   87 D1:A92C -  -  -  -  ;resets keyboard
   88 D1:A92C -  -  -  -  RestoreKeyboard:
   89 D1:A92C 21 00 00 F5  ld hl,mpKeyRange
   90 D1:A930 AF -  -  -   xor a		; Mode 0
   91 D1:A931 77 -  -  -   ld (hl),a
   92 D1:A932 2C -  -  -   inc l		; 0F50001h
   93 D1:A933 36 0F -  -   ld (hl),15	; Wait 15*256 APB cycles before scanning each row
   94 D1:A935 2C -  -  -   inc l		; 0F50002h
   95 D1:A936 AF -  -  -   xor a
   96 D1:A937 77 -  -  -   ld (hl),a
   97 D1:A938 2C -  -  -   inc l		; 0F50003h
   98 D1:A939 36 0F -  -   ld (hl),15	; Wait 15 APB cycles before each scan
   99 D1:A93B 2C -  -  -   inc l		; 0F50004h
  100 D1:A93C 3E 08 -  -   ld a,8		; Number of rows to scan
  101 D1:A93E 77 -  -  -   ld (hl),a
  102 D1:A93F 2C -  -  -   inc l		; 0F50005h
  103 D1:A940 77 -  -  -   ld (hl),a	; Number of columns to scan
  104 D1:A941 C9 -  -  -   ret
